#
# There is insufficient memory for the Java Runtime Environment to continue.
# Native memory allocation (malloc) failed to allocate 1048576 bytes for AllocateHeap
# Possible reasons:
#   The system is out of physical RAM or swap space
#   The process is running with CompressedOops enabled, and the Java Heap may be blocking the growth of the native heap
# Possible solutions:
#   Reduce memory load on the system
#   Increase physical memory or swap space
#   Check if swap backing store is full
#   Decrease Java heap size (-Xmx/-Xms)
#   Decrease number of Java threads
#   Decrease Java thread stack sizes (-Xss)
#   Set larger code cache with -XX:ReservedCodeCacheSize=
#   JVM is running with Zero Based Compressed Oops mode in which the Java heap is
#     placed in the first 32GB address space. The Java Heap base address is the
#     maximum limit for the native heap growth. Please use -XX:HeapBaseMinAddress
#     to set the Java Heap base and to place the Java Heap above 32GB virtual address.
# This output file may be truncated or incomplete.
#
#  Out of Memory Error (memory/allocation.inline.hpp:61), pid=16220, tid=0x0000000000002a54
#
# JRE version:  (8.0_201-b09) (build )
# Java VM: Java HotSpot(TM) 64-Bit Server VM (25.201-b09 mixed mode windows-amd64 compressed oops)
# Failed to write core dump. Minidumps are not enabled by default on client versions of Windows
#

---------------  T H R E A D  ---------------

Current thread (0x00000000031b3800):  JavaThread "Unknown thread" [_thread_in_vm, id=10836, stack(0x00000000030b0000,0x00000000031b0000)]

Stack: [0x00000000030b0000,0x00000000031b0000]
[error occurred during error reporting (printing stack bounds), id 0xc0000005]

Native frames: (J=compiled Java code, j=interpreted, Vv=VM code, C=native code)


---------------  P R O C E S S  ---------------

Java Threads: ( => current thread )

Other Threads:

=>0x00000000031b3800 (exited) JavaThread "Unknown thread" [_thread_in_vm, id=10836, stack(0x00000000030b0000,0x00000000031b0000)]

VM state:not at safepoint (normal execution)

VM Mutex/Monitor currently owned by a thread: None

heap address: 0x00000006c4000000, size: 4032 MB, Compressed Oops mode: Zero based, Oop shift amount: 3
Narrow klass base: 0x0000000000000000, Narrow klass shift: 3
Compressed class space size: 1073741824 Address: 0x00000007c0000000

Heap:
 PSYoungGen      total 75264K, used 1290K [0x000000076c000000, 0x0000000771400000, 0x00000007c0000000)
  eden space 64512K, 2% used [0x000000076c000000,0x000000076c142900,0x000000076ff00000)
  from space 10752K, 0% used [0x0000000770980000,0x0000000770980000,0x0000000771400000)
  to   space 10752K, 0% used [0x000000076ff00000,0x000000076ff00000,0x0000000770980000)
 ParOldGen       total 172032K, used 0K [0x00000006c4000000, 0x00000006ce800000, 0x000000076c000000)
  object space 172032K, 0% used [0x00000006c4000000,0x00000006c4000000,0x00000006ce800000)
 Metaspace       used 775K, capacity 4480K, committed 4480K, reserved 1056768K
  class space    used 76K, capacity 384K, committed 384K, reserved 1048576K

Card table byte_map: [0x0000000012670000,0x0000000012e60000] byte_map_base: 0x000000000f050000

Marking Bits: (ParMarkBitMap*) 0x000000005cd64ce0
 Begin Bits: [0x0000000013da0000, 0x0000000017ca0000)
 End Bits:   [0x0000000017ca0000, 0x000000001bba0000)

Polling page: 0x00000000011e0000

CodeCache: size=245760Kb used=328Kb max_used=328Kb free=245431Kb
 bounds [0x00000000032b0000, 0x0000000003520000, 0x00000000122b0000]
 total_blobs=58 nmethods=0 adapters=38
 compilation: enabled

Compilation events (0 events):
No events

GC Heap History (0 events):
No events

Deoptimization events (0 events):
No events

Classes redefined (0 events):
No events

Internal exceptions (0 events):
No events

Events (10 events):
Event: 0.020 loading class java/lang/Short
Event: 0.020 loading class java/lang/Short done
Event: 0.020 loading class java/lang/Integer
Event: 0.020 loading class java/lang/Integer done
Event: 0.020 loading class java/lang/Long
Event: 0.020 loading class java/lang/Long done
Event: 0.021 loading class java/lang/NullPointerException
Event: 0.021 loading class java/lang/NullPointerException done
Event: 0.021 loading class java/lang/ArithmeticException
Event: 0.021 loading class java/lang/ArithmeticException done


Dynamic libraries:
0x00007ff7dbe80000 - 0x00007ff7dbeb7000 	C:\Program Files\Java\jdk1.8.0_201\bin\javaw.exe
0x00007ffd89c20000 - 0x00007ffd89e0d000 	C:\Windows\SYSTEM32\ntdll.dll
0x00007ffd89190000 - 0x00007ffd89243000 	C:\Windows\System32\KERNEL32.DLL
0x00007ffd867d0000 - 0x00007ffd86a63000 	C:\Windows\System32\KERNELBASE.dll
0x00007ffd89990000 - 0x00007ffd89a33000 	C:\Windows\System32\ADVAPI32.dll
0x00007ffd895e0000 - 0x00007ffd8967e000 	C:\Windows\System32\msvcrt.dll
0x00007ffd86fb0000 - 0x00007ffd8704e000 	C:\Windows\System32\sechost.dll
0x00007ffd88910000 - 0x00007ffd88a32000 	C:\Windows\System32\RPCRT4.dll
0x00007ffd87050000 - 0x00007ffd871e7000 	C:\Windows\System32\USER32.dll
0x00007ffd864d0000 - 0x00007ffd864f0000 	C:\Windows\System32\win32u.dll
0x00007ffd88c70000 - 0x00007ffd88c99000 	C:\Windows\System32\GDI32.dll
0x00007ffd86a70000 - 0x00007ffd86c09000 	C:\Windows\System32\gdi32full.dll
0x00007ffd85ce0000 - 0x00007ffd85d80000 	C:\Windows\System32\msvcp_win.dll
0x00007ffd86c90000 - 0x00007ffd86d8a000 	C:\Windows\System32\ucrtbase.dll
0x00007ffd71ef0000 - 0x00007ffd72169000 	C:\Windows\WinSxS\amd64_microsoft.windows.common-controls_6595b64144ccf1df_6.0.17763.973_none_05b245900721eb81\COMCTL32.dll
0x00007ffd892b0000 - 0x00007ffd895dc000 	C:\Windows\System32\combase.dll
0x00007ffd86750000 - 0x00007ffd867ce000 	C:\Windows\System32\bcryptPrimitives.dll
0x00007ffd897b0000 - 0x00007ffd897de000 	C:\Windows\System32\IMM32.DLL
0x000000005e750000 - 0x000000005e821000 	C:\Program Files\Java\jdk1.8.0_201\jre\bin\msvcr100.dll
0x000000005c540000 - 0x000000005cde4000 	C:\Program Files\Java\jdk1.8.0_201\jre\bin\server\jvm.dll
0x00007ffd88900000 - 0x00007ffd88908000 	C:\Windows\System32\PSAPI.DLL
0x00007ffd7bc10000 - 0x00007ffd7bc19000 	C:\Windows\SYSTEM32\WSOCK32.dll
0x00007ffd7ded0000 - 0x00007ffd7def4000 	C:\Windows\SYSTEM32\WINMM.dll
0x00007ffd76f50000 - 0x00007ffd76f5a000 	C:\Windows\SYSTEM32\VERSION.dll
0x00007ffd89680000 - 0x00007ffd896ed000 	C:\Windows\System32\WS2_32.dll
0x00007ffd7ddf0000 - 0x00007ffd7de1d000 	C:\Windows\SYSTEM32\WINMMBASE.dll
0x00007ffd864f0000 - 0x00007ffd8653a000 	C:\Windows\System32\cfgmgr32.dll
0x00007ffd7f1e0000 - 0x00007ffd7f1ef000 	C:\Program Files\Java\jdk1.8.0_201\jre\bin\verify.dll
0x00007ffd75370000 - 0x00007ffd75399000 	C:\Program Files\Java\jdk1.8.0_201\jre\bin\java.dll
0x00007ffd75440000 - 0x00007ffd75456000 	C:\Program Files\Java\jdk1.8.0_201\jre\bin\zip.dll

VM Arguments:
jvm_args: -Dfile.encoding=UTF-8 
java_command: Hibernet.my.example.HibernetInstance.App
java_class_path (initial): D:\work\HibernetInstance\target\classes;C:\Users\zezha\.m2\repository\org\hibernate\orm\hibernate-core\6.0.0.Alpha4\hibernate-core-6.0.0.Alpha4.jar;C:\Users\zezha\.m2\repository\org\junit\vintage\junit-vintage-engine\5.3.1\junit-vintage-engine-5.3.1.jar;C:\Users\zezha\.m2\repository\org\apiguardian\apiguardian-api\1.0.0\apiguardian-api-1.0.0.jar;C:\Users\zezha\.m2\repository\org\junit\platform\junit-platform-engine\1.3.1\junit-platform-engine-1.3.1.jar;C:\Users\zezha\.m2\repository\org\junit\platform\junit-platform-commons\1.3.1\junit-platform-commons-1.3.1.jar;C:\Users\zezha\.m2\repository\org\opentest4j\opentest4j\1.1.1\opentest4j-1.1.1.jar;C:\Users\zezha\.m2\repository\org\junit\jupiter\junit-jupiter-engine\5.3.1\junit-jupiter-engine-5.3.1.jar;C:\Users\zezha\.m2\repository\org\junit\jupiter\junit-jupiter-api\5.3.1\junit-jupiter-api-5.3.1.jar;C:\Users\zezha\.m2\repository\org\jboss\logging\jboss-logging\3.3.2.Final\jboss-logging-3.3.2.Final.jar;C:\Users\zezha\.m2\repository\javax\persistence\javax.persistence-api\2.2\javax.persistence-api-2.2.jar;C:\Users\zezha\.m2\repository\org\javassist\javassist\3.24.0-GA\javassist-3.24.0-GA.jar;C:\Users\zezha\.m2\repository\net\bytebuddy\byte-buddy\1.10.2\byte-buddy-1.10.2.jar;C:\Users\zezha\.m2\repository\org\antlr\antlr4\4.7.1\antlr4-4.7.1.jar;C:\Users\zezha\.m2\repository\org\antlr\antlr4-runtime\4.7.1\antlr4-runtime-4.7.1.jar;C:\Users\zezha\.m2\repository\org\antlr\antlr-runtime\3.5.2\antlr-runtime-3.5.2.jar;C:\Users\zezha\.m2\repository\org\antlr\ST4\4.0.8\ST4-4.0.8.jar;C:\Users\zezha\.m2\repository\org\abego\treelayout\org.abego.treelayout.core\1.0.3\org.abego.treelayout.core-1.0.3.jar;C:\Users\zezha\.m2\repository\org\glassfish\javax.json\1.0.4\javax.json-1.0.4.jar;C:\Users\zezha\.m2\repository\com\ibm\icu\icu4j\58.2\icu4j-58.2.jar;C:\Users\zezha\.m2\repository\org\jboss\spec\javax\transaction\jboss-transaction-api_1.2_spec\1.1.1.Final\jboss-transaction-api_1.2_spec-1.1.1.Final.jar;C:\Users
Launcher Type: SUN_STANDARD

Environment Variables:
JAVA_HOME=C:\Program Files\Java\jdk1.8.0_201
PATH=C:/Program Files/Java/jre1.8.0_211/bin/server;C:/Program Files/Java/jre1.8.0_211/bin;C:/Program Files/Java/jre1.8.0_211/lib/amd64;C:\Program Files (x86)\Common Files\Oracle\Java\javapath;C:\PROGRA~1\Basler\pylon 5\Runtime\Win32\;C:\PROGRA~1\Basler\pylon 5\Runtime\x64\;C:\Program Files (x86)\Intel\Intel(R) Management Engine Components\iCLS\;C:\Program Files\Intel\Intel(R) Management Engine Components\iCLS\;C:\Windows\system32;C:\Windows;C:\Windows\System32\Wbem;C:\Windows\System32\WindowsPowerShell\v1.0\;C:\Windows\System32\OpenSSH\;C:\Program Files (x86)\Intel\Intel(R) Management Engine Components\DAL;C:\Program Files\Intel\Intel(R) Management Engine Components\DAL;C:\Program Files (x86)\NVIDIA Corporation\PhysX\Common;D:\software\Git\cmd;D:\software\BvSshClient;D:\software\nvm;C:\Program Files\nodejs;C:\Users\zezha\.dnx\bin;C:\Program Files\Microsoft DNX\Dnvm\;C:\Program Files\Microsoft SQL Server\130\Tools\Binn\;C:\Program Files (x86)\Windows Kits\8.1\Windows Performance Toolkit\;C:\Program Files\Basler\pylon 5\Runtime\x64;C:\Program Files\Basler\pylon 5\Development;C:\Program Files\MongoDB\Server\3.2\bin;C:\Program Files\MIT\Kerberos\bin;D:\opencv\include;D:\opencv\lib;D:\opencv\opencv\build\gpu\x64\bin;C:\Program Files\dotnet\;C:\Program Files\Microsoft SQL Server\Client SDK\ODBC\170\Tools\Binn\;C:\Program Files\MySQL\MySQL Shell 8.0\bin\;C:\Users\zezha\AppData\Local\Microsoft\WindowsApps;D:\software\nvm;C:\Program Files\nodejs;C:\Users\zezha\.dotnet\tools;C:\Windows\system32;
USERNAME=zezha
OS=Windows_NT
PROCESSOR_IDENTIFIER=Intel64 Family 6 Model 158 Stepping 10, GenuineIntel



---------------  S Y S T E M  ---------------

OS: Windows 10.0 , 64 bit Build 17763 (10.0.17763.475)

CPU:total 12 (initial active 12) (6 cores per cpu, 2 threads per core) family 6 model 158 stepping 10, cmov, cx8, fxsr, mmx, sse, sse2, sse3, ssse3, sse4.1, sse4.2, popcnt, avx, avx2, aes, clmul, erms, 3dnowpref, lzcnt, ht, tsc, tscinvbit, bmi1, bmi2, adx

Memory: 4k page, physical 16507952k(4642772k free), swap 20639920k(5436k free)

vm_info: Java HotSpot(TM) 64-Bit Server VM (25.201-b09) for windows-amd64 JRE (1.8.0_201-b09), built on Dec 15 2018 18:36:39 by "java_re" with MS VC++ 10.0 (VS2010)

time: Tue Feb 11 00:22:52 2020
timezone: GMT Standard Time
elapsed time: 0 seconds (0d 0h 0m 0s)

